<?xml version="1.0" encoding="UTF-8"?>
<testng-results ignored="0" total="1" passed="1" failed="0" skipped="0">
  <reporter-output>
  </reporter-output>
  <suite started-at="2022-12-30T14:27:53 CST" name="Surefire suite" finished-at="2022-12-30T14:27:53 CST" duration-ms="33">
    <groups>
    </groups>
    <test started-at="2022-12-30T14:27:53 CST" name="Surefire test" finished-at="2022-12-30T14:27:53 CST" duration-ms="33">
      <class name="divya.selenium_maven.AppTest">
        <test-method signature="shouldAnswerWithTrue()" started-at="2022-12-30T14:27:53 CST" name="shouldAnswerWithTrue" finished-at="2022-12-30T14:27:53 CST" duration-ms="3" status="PASS">
          <reporter-output>
          </reporter-output>
        </test-method> <!-- shouldAnswerWithTrue -->
      </class> <!-- divya.selenium_maven.AppTest -->
    </test> <!-- Surefire test -->
  </suite> <!-- Surefire suite -->
</testng-results>
