<?xml version="1.0" encoding="UTF-8"?>
<!-- Generated by org.testng.reporters.JUnitXMLReporter -->
<testsuite ignored="0" hostname="Divya" failures="0" tests="3" name="Surefire test" time="0.042" errors="0" timestamp="2022-12-30T14:27:52 CST">
  <testcase classname="divya.selenium_maven.APITest" name="homePageApi" time="0.003"/>
  <testcase classname="divya.selenium_maven.SeleniumTest" name="homePage" time="0.0"/>
  <testcase classname="divya.selenium_maven.SeleniumTest" name="login" time="0.0"/>
</testsuite> <!-- Surefire test -->
