<?xml version="1.0" encoding="UTF-8"?>
<testng-results ignored="0" total="3" passed="3" failed="0" skipped="0">
  <reporter-output>
  </reporter-output>
  <suite started-at="2022-12-30T14:27:52 CST" name="Surefire suite" finished-at="2022-12-30T14:27:52 CST" duration-ms="42">
    <groups>
    </groups>
    <test started-at="2022-12-30T14:27:52 CST" name="Surefire test" finished-at="2022-12-30T14:27:52 CST" duration-ms="42">
      <class name="divya.selenium_maven.SeleniumTest">
        <test-method signature="homePage()[pri:0, instance:divya.selenium_maven.SeleniumTest@551bdc27]" started-at="2022-12-30T14:27:52 CST" name="homePage" finished-at="2022-12-30T14:27:52 CST" duration-ms="0" status="PASS">
          <reporter-output>
          </reporter-output>
        </test-method> <!-- homePage -->
        <test-method signature="login()[pri:0, instance:divya.selenium_maven.SeleniumTest@551bdc27]" started-at="2022-12-30T14:27:52 CST" name="login" finished-at="2022-12-30T14:27:52 CST" duration-ms="0" status="PASS">
          <reporter-output>
          </reporter-output>
        </test-method> <!-- login -->
      </class> <!-- divya.selenium_maven.SeleniumTest -->
      <class name="divya.selenium_maven.APITest">
        <test-method signature="homePageApi()[pri:0, instance:divya.selenium_maven.APITest@516be40f]" started-at="2022-12-30T14:27:52 CST" name="homePageApi" finished-at="2022-12-30T14:27:52 CST" duration-ms="3" status="PASS">
          <reporter-output>
          </reporter-output>
        </test-method> <!-- homePageApi -->
      </class> <!-- divya.selenium_maven.APITest -->
    </test> <!-- Surefire test -->
  </suite> <!-- Surefire suite -->
</testng-results>
