<?xml version="1.0" encoding="UTF-8"?>
<testng-results ignored="0" total="2" passed="2" failed="0" skipped="0">
  <reporter-output>
  </reporter-output>
  <suite started-at="2023-01-02T17:01:10 CST" name="Suite" finished-at="2023-01-02T17:01:10 CST" duration-ms="33">
    <groups>
    </groups>
    <test started-at="2023-01-02T17:01:10 CST" name="Test" finished-at="2023-01-02T17:01:10 CST" duration-ms="33">
      <class name="divya.selenium_maven.SeleniumTest">
        <test-method signature="homePage()[pri:0, instance:divya.selenium_maven.SeleniumTest@69930714]" started-at="2023-01-02T17:01:10 CST" name="homePage" finished-at="2023-01-02T17:01:10 CST" duration-ms="3" status="PASS">
          <reporter-output>
          </reporter-output>
        </test-method> <!-- homePage -->
        <test-method signature="login()[pri:0, instance:divya.selenium_maven.SeleniumTest@69930714]" started-at="2023-01-02T17:01:10 CST" name="login" finished-at="2023-01-02T17:01:10 CST" duration-ms="0" status="PASS">
          <reporter-output>
          </reporter-output>
        </test-method> <!-- login -->
      </class> <!-- divya.selenium_maven.SeleniumTest -->
    </test> <!-- Test -->
  </suite> <!-- Suite -->
</testng-results>
